<?xml version="1.0" encoding="UTF-8"?>
<testng-results ignored="0" total="2" passed="2" failed="0" skipped="0">
  <reporter-output>
  </reporter-output>
  <suite started-at="2022-08-09T02:08:30 IST" name="Default suite" finished-at="2022-08-09T02:08:41 IST" duration-ms="11484">
    <groups>
    </groups>
    <test started-at="2022-08-09T02:08:30 IST" name="Default test" finished-at="2022-08-09T02:08:41 IST" duration-ms="11484">
      <class name="API.API_REST">
        <test-method signature="findPetByID_PositiveTest()[pri:1, instance:API.API_REST@5e2c3d18]" started-at="2022-08-09T02:08:30 IST" name="findPetByID_PositiveTest" finished-at="2022-08-09T02:08:39 IST" duration-ms="9050" status="PASS">
          <reporter-output>
          </reporter-output>
        </test-method> <!-- findPetByID_PositiveTest -->
        <test-method signature="findPetByID_NegativeTest()[pri:2, instance:API.API_REST@5e2c3d18]" started-at="2022-08-09T02:08:39 IST" name="findPetByID_NegativeTest" finished-at="2022-08-09T02:08:41 IST" duration-ms="1897" status="PASS">
          <reporter-output>
          </reporter-output>
        </test-method> <!-- findPetByID_NegativeTest -->
      </class> <!-- API.API_REST -->
    </test> <!-- Default test -->
  </suite> <!-- Default suite -->
</testng-results>
